{
  "stats": {
    "suites": 1,
    "tests": 2,
    "passes": 2,
    "pending": 0,
    "failures": 0,
    "start": "2019-08-30T04:21:29.377Z",
    "end": "2019-08-30T04:21:29.491Z",
    "duration": 114,
    "testsRegistered": 2,
    "passPercent": 100,
    "pendingPercent": 0,
    "other": 0,
    "hasOther": false,
    "skipped": 0,
    "hasSkipped": false
  },
  "results": [
    {
      "uuid": "3fda8ea7-440c-4b45-8f9e-6cf6ea5723a5",
      "title": "",
      "fullFile": "",
      "file": "",
      "beforeHooks": [],
      "afterHooks": [],
      "tests": [],
      "suites": [
        {
          "uuid": "046847dd-91da-46c9-b3ca-618f8a7362b6",
          "title": "Server tests",
          "fullFile": "/app/tests/index.spec.ts",
          "file": "/tests/index.spec.ts",
          "beforeHooks": [],
          "afterHooks": [],
          "tests": [
            {
              "title": "Express server should a Server instance",
              "fullTitle": "Server tests Express server should a Server instance",
              "timedOut": false,
              "duration": 42,
              "state": "passed",
              "speed": "medium",
              "pass": true,
              "fail": false,
              "pending": false,
              "context": null,
              "code": "return __awaiter(_this, void 0, void 0, function () {\n        var ExpressServer, serve;\n        return __generator(this, function (_a) {\n            switch (_a.label) {\n                case 0: return [4, server_1.startExpressServer()];\n                case 1:\n                    ExpressServer = _a.sent();\n                    serve = ExpressServer.listen(8080);\n                    chai_1.expect(serve).to.be.instanceOf(http_1.Server);\n                    serve.close();\n                    return [2];\n            }\n        });\n    });",
              "err": {},
              "uuid": "da34454f-1619-4826-a298-ae7c96101258",
              "parentUUID": "046847dd-91da-46c9-b3ca-618f8a7362b6",
              "isHook": false,
              "skipped": false
            },
            {
              "title": "Restify server should a Server instance",
              "fullTitle": "Server tests Restify server should a Server instance",
              "timedOut": false,
              "duration": 29,
              "state": "passed",
              "speed": "fast",
              "pass": true,
              "fail": false,
              "pending": false,
              "context": null,
              "code": "return __awaiter(_this, void 0, void 0, function () {\n        var RestifyServer, serve;\n        return __generator(this, function (_a) {\n            switch (_a.label) {\n                case 0: return [4, server_1.startRestifyServer()];\n                case 1:\n                    RestifyServer = _a.sent();\n                    serve = RestifyServer.listen(8081);\n                    chai_1.expect(serve).to.be.instanceOf(http_1.Server);\n                    serve.close();\n                    return [2];\n            }\n        });\n    });",
              "err": {},
              "uuid": "3a2ee6e7-792f-46c5-b4c7-33d937a9b585",
              "parentUUID": "046847dd-91da-46c9-b3ca-618f8a7362b6",
              "isHook": false,
              "skipped": false
            }
          ],
          "suites": [],
          "passes": [
            "da34454f-1619-4826-a298-ae7c96101258",
            "3a2ee6e7-792f-46c5-b4c7-33d937a9b585"
          ],
          "failures": [],
          "pending": [],
          "skipped": [],
          "duration": 71,
          "root": false,
          "rootEmpty": false,
          "_timeout": 2000
        }
      ],
      "passes": [],
      "failures": [],
      "pending": [],
      "skipped": [],
      "duration": 0,
      "root": true,
      "rootEmpty": true,
      "_timeout": 2000
    }
  ],
  "meta": {
    "mocha": {
      "version": "6.2.0"
    },
    "mochawesome": {
      "options": {
        "quiet": false,
        "reportFilename": "mochawesome",
        "saveHtml": true,
        "saveJson": true,
        "consoleReporter": "spec",
        "useInlineDiffs": false
      },
      "version": "4.1.0"
    },
    "marge": {
      "options": null,
      "version": "4.0.1"
    }
  }
}